2024-05-01 16:58:43,390 [Worker-8: Loading available Gradle versions] INFO  o.e.b.c.i.u.g.PublishedGradleVersions - Gradle version information cache is up-to-date. Trying to read.
2024-05-01 17:00:09,390 [ModalContext] INFO  o.e.m.c.i.e.AbstractTransferListenerAdapter - Downloading https://repo.maven.apache.org/maven2/org/apache/maven/archetypes/maven-archetype-bundles/2/maven-archetype-bundles-2.pom
2024-05-01 17:00:09,427 [ModalContext] INFO  o.e.m.c.i.e.AbstractTransferListenerAdapter - Downloaded https://repo.maven.apache.org/maven2/org/apache/maven/archetypes/maven-archetype-bundles/2/maven-archetype-bundles-2.pom
2024-05-01 17:00:09,502 [ModalContext] INFO  o.e.m.c.i.e.AbstractTransferListenerAdapter - Downloading https://repo.maven.apache.org/maven2/org/apache/maven/archetype/maven-archetype-parent/1/maven-archetype-parent-1.pom
2024-05-01 17:00:09,522 [ModalContext] INFO  o.e.m.c.i.e.AbstractTransferListenerAdapter - Downloaded https://repo.maven.apache.org/maven2/org/apache/maven/archetype/maven-archetype-parent/1/maven-archetype-parent-1.pom
2024-05-01 17:00:09,583 [ModalContext] INFO  o.e.m.c.i.e.AbstractTransferListenerAdapter - Downloading https://repo.maven.apache.org/maven2/org/apache/maven/maven-parent/4/maven-parent-4.pom
2024-05-01 17:00:09,607 [ModalContext] INFO  o.e.m.c.i.e.AbstractTransferListenerAdapter - Downloaded https://repo.maven.apache.org/maven2/org/apache/maven/maven-parent/4/maven-parent-4.pom
2024-05-01 17:00:58,106 [Worker-6: Launching mavenrun-45d2c49f-8f87-4b05-93eb-efd01a7134a4] INFO  o.eclipse.m2e.core.internal.Bundles - getClasspathEntries(Bundle=org.eclipse.m2e.maven.runtime_3.9.600.20231203-1234 [354])
2024-05-01 17:00:58,108 [Worker-6: Launching mavenrun-45d2c49f-8f87-4b05-93eb-efd01a7134a4] INFO  o.eclipse.m2e.core.internal.Bundles - 	Entry: C:\Program Files\sts-4.22.0.RELEASE\plugins\org.eclipse.m2e.maven.runtime_3.9.600.20231203-1234
2024-05-01 17:00:58,109 [Worker-6: Launching mavenrun-45d2c49f-8f87-4b05-93eb-efd01a7134a4] INFO  o.eclipse.m2e.core.internal.Bundles - 	Entry: C:\Program Files\sts-4.22.0.RELEASE\plugins\org.eclipse.m2e.maven.runtime_3.9.600.20231203-1234\jars\aopalliance-1.0.jar
2024-05-01 17:00:58,109 [Worker-6: Launching mavenrun-45d2c49f-8f87-4b05-93eb-efd01a7134a4] INFO  o.eclipse.m2e.core.internal.Bundles - 	Entry: C:\Program Files\sts-4.22.0.RELEASE\plugins\org.eclipse.m2e.maven.runtime_3.9.600.20231203-1234\jars\guice-5.1.0.jar
2024-05-01 17:00:58,109 [Worker-6: Launching mavenrun-45d2c49f-8f87-4b05-93eb-efd01a7134a4] INFO  o.eclipse.m2e.core.internal.Bundles - 	Entry: C:\Program Files\sts-4.22.0.RELEASE\plugins\org.eclipse.m2e.maven.runtime_3.9.600.20231203-1234\jars\httpclient-4.5.14.jar
2024-05-01 17:00:58,110 [Worker-6: Launching mavenrun-45d2c49f-8f87-4b05-93eb-efd01a7134a4] INFO  o.eclipse.m2e.core.internal.Bundles - 	Entry: C:\Program Files\sts-4.22.0.RELEASE\plugins\org.eclipse.m2e.maven.runtime_3.9.600.20231203-1234\jars\httpcore-4.4.16.jar
2024-05-01 17:00:58,110 [Worker-6: Launching mavenrun-45d2c49f-8f87-4b05-93eb-efd01a7134a4] INFO  o.eclipse.m2e.core.internal.Bundles - 	Entry: C:\Program Files\sts-4.22.0.RELEASE\plugins\org.eclipse.m2e.maven.runtime_3.9.600.20231203-1234\jars\jansi-2.4.0.jar
2024-05-01 17:00:58,110 [Worker-6: Launching mavenrun-45d2c49f-8f87-4b05-93eb-efd01a7134a4] INFO  o.eclipse.m2e.core.internal.Bundles - 	Entry: C:\Program Files\sts-4.22.0.RELEASE\plugins\org.eclipse.m2e.maven.runtime_3.9.600.20231203-1234\jars\jcl-over-slf4j-1.7.36.jar
2024-05-01 17:00:58,110 [Worker-6: Launching mavenrun-45d2c49f-8f87-4b05-93eb-efd01a7134a4] INFO  o.eclipse.m2e.core.internal.Bundles - 	Entry: C:\Program Files\sts-4.22.0.RELEASE\plugins\org.eclipse.m2e.maven.runtime_3.9.600.20231203-1234\jars\maven-artifact-3.9.6.jar
2024-05-01 17:00:58,110 [Worker-6: Launching mavenrun-45d2c49f-8f87-4b05-93eb-efd01a7134a4] INFO  o.eclipse.m2e.core.internal.Bundles - 	Entry: C:\Program Files\sts-4.22.0.RELEASE\plugins\org.eclipse.m2e.maven.runtime_3.9.600.20231203-1234\jars\maven-builder-support-3.9.6.jar
2024-05-01 17:00:58,110 [Worker-6: Launching mavenrun-45d2c49f-8f87-4b05-93eb-efd01a7134a4] INFO  o.eclipse.m2e.core.internal.Bundles - 	Entry: C:\Program Files\sts-4.22.0.RELEASE\plugins\org.eclipse.m2e.maven.runtime_3.9.600.20231203-1234\jars\maven-compat-3.9.6.jar
2024-05-01 17:00:58,110 [Worker-6: Launching mavenrun-45d2c49f-8f87-4b05-93eb-efd01a7134a4] INFO  o.eclipse.m2e.core.internal.Bundles - 	Entry: C:\Program Files\sts-4.22.0.RELEASE\plugins\org.eclipse.m2e.maven.runtime_3.9.600.20231203-1234\jars\maven-core-3.9.6.jar
2024-05-01 17:00:58,111 [Worker-6: Launching mavenrun-45d2c49f-8f87-4b05-93eb-efd01a7134a4] INFO  o.eclipse.m2e.core.internal.Bundles - 	Entry: C:\Program Files\sts-4.22.0.RELEASE\plugins\org.eclipse.m2e.maven.runtime_3.9.600.20231203-1234\jars\maven-embedder-3.9.6.jar
2024-05-01 17:00:58,111 [Worker-6: Launching mavenrun-45d2c49f-8f87-4b05-93eb-efd01a7134a4] INFO  o.eclipse.m2e.core.internal.Bundles - 	Entry: C:\Program Files\sts-4.22.0.RELEASE\plugins\org.eclipse.m2e.maven.runtime_3.9.600.20231203-1234\jars\maven-model-3.9.6.jar
2024-05-01 17:00:58,111 [Worker-6: Launching mavenrun-45d2c49f-8f87-4b05-93eb-efd01a7134a4] INFO  o.eclipse.m2e.core.internal.Bundles - 	Entry: C:\Program Files\sts-4.22.0.RELEASE\plugins\org.eclipse.m2e.maven.runtime_3.9.600.20231203-1234\jars\maven-model-builder-3.9.6.jar
2024-05-01 17:00:58,111 [Worker-6: Launching mavenrun-45d2c49f-8f87-4b05-93eb-efd01a7134a4] INFO  o.eclipse.m2e.core.internal.Bundles - 	Entry: C:\Program Files\sts-4.22.0.RELEASE\plugins\org.eclipse.m2e.maven.runtime_3.9.600.20231203-1234\jars\maven-plugin-api-3.9.6.jar
2024-05-01 17:00:58,111 [Worker-6: Launching mavenrun-45d2c49f-8f87-4b05-93eb-efd01a7134a4] INFO  o.eclipse.m2e.core.internal.Bundles - 	Entry: C:\Program Files\sts-4.22.0.RELEASE\plugins\org.eclipse.m2e.maven.runtime_3.9.600.20231203-1234\jars\maven-repository-metadata-3.9.6.jar
2024-05-01 17:00:58,111 [Worker-6: Launching mavenrun-45d2c49f-8f87-4b05-93eb-efd01a7134a4] INFO  o.eclipse.m2e.core.internal.Bundles - 	Entry: C:\Program Files\sts-4.22.0.RELEASE\plugins\org.eclipse.m2e.maven.runtime_3.9.600.20231203-1234\jars\maven-resolver-api-1.9.18.jar
2024-05-01 17:00:58,111 [Worker-6: Launching mavenrun-45d2c49f-8f87-4b05-93eb-efd01a7134a4] INFO  o.eclipse.m2e.core.internal.Bundles - 	Entry: C:\Program Files\sts-4.22.0.RELEASE\plugins\org.eclipse.m2e.maven.runtime_3.9.600.20231203-1234\jars\maven-resolver-connector-basic-1.9.18.jar
2024-05-01 17:00:58,111 [Worker-6: Launching mavenrun-45d2c49f-8f87-4b05-93eb-efd01a7134a4] INFO  o.eclipse.m2e.core.internal.Bundles - 	Entry: C:\Program Files\sts-4.22.0.RELEASE\plugins\org.eclipse.m2e.maven.runtime_3.9.600.20231203-1234\jars\maven-resolver-impl-1.9.18.jar
2024-05-01 17:00:58,111 [Worker-6: Launching mavenrun-45d2c49f-8f87-4b05-93eb-efd01a7134a4] INFO  o.eclipse.m2e.core.internal.Bundles - 	Entry: C:\Program Files\sts-4.22.0.RELEASE\plugins\org.eclipse.m2e.maven.runtime_3.9.600.20231203-1234\jars\maven-resolver-named-locks-1.9.18.jar
2024-05-01 17:00:58,111 [Worker-6: Launching mavenrun-45d2c49f-8f87-4b05-93eb-efd01a7134a4] INFO  o.eclipse.m2e.core.internal.Bundles - 	Entry: C:\Program Files\sts-4.22.0.RELEASE\plugins\org.eclipse.m2e.maven.runtime_3.9.600.20231203-1234\jars\maven-resolver-provider-3.9.6.jar
2024-05-01 17:00:58,111 [Worker-6: Launching mavenrun-45d2c49f-8f87-4b05-93eb-efd01a7134a4] INFO  o.eclipse.m2e.core.internal.Bundles - 	Entry: C:\Program Files\sts-4.22.0.RELEASE\plugins\org.eclipse.m2e.maven.runtime_3.9.600.20231203-1234\jars\maven-resolver-spi-1.9.18.jar
2024-05-01 17:00:58,111 [Worker-6: Launching mavenrun-45d2c49f-8f87-4b05-93eb-efd01a7134a4] INFO  o.eclipse.m2e.core.internal.Bundles - 	Entry: C:\Program Files\sts-4.22.0.RELEASE\plugins\org.eclipse.m2e.maven.runtime_3.9.600.20231203-1234\jars\maven-resolver-transport-file-1.9.18.jar
2024-05-01 17:00:58,112 [Worker-6: Launching mavenrun-45d2c49f-8f87-4b05-93eb-efd01a7134a4] INFO  o.eclipse.m2e.core.internal.Bundles - 	Entry: C:\Program Files\sts-4.22.0.RELEASE\plugins\org.eclipse.m2e.maven.runtime_3.9.600.20231203-1234\jars\maven-resolver-transport-http-1.9.18.jar
2024-05-01 17:00:58,112 [Worker-6: Launching mavenrun-45d2c49f-8f87-4b05-93eb-efd01a7134a4] INFO  o.eclipse.m2e.core.internal.Bundles - 	Entry: C:\Program Files\sts-4.22.0.RELEASE\plugins\org.eclipse.m2e.maven.runtime_3.9.600.20231203-1234\jars\maven-resolver-transport-wagon-1.9.18.jar
2024-05-01 17:00:58,112 [Worker-6: Launching mavenrun-45d2c49f-8f87-4b05-93eb-efd01a7134a4] INFO  o.eclipse.m2e.core.internal.Bundles - 	Entry: C:\Program Files\sts-4.22.0.RELEASE\plugins\org.eclipse.m2e.maven.runtime_3.9.600.20231203-1234\jars\maven-resolver-util-1.9.18.jar
2024-05-01 17:00:58,112 [Worker-6: Launching mavenrun-45d2c49f-8f87-4b05-93eb-efd01a7134a4] INFO  o.eclipse.m2e.core.internal.Bundles - 	Entry: C:\Program Files\sts-4.22.0.RELEASE\plugins\org.eclipse.m2e.maven.runtime_3.9.600.20231203-1234\jars\maven-settings-3.9.6.jar
2024-05-01 17:00:58,112 [Worker-6: Launching mavenrun-45d2c49f-8f87-4b05-93eb-efd01a7134a4] INFO  o.eclipse.m2e.core.internal.Bundles - 	Entry: C:\Program Files\sts-4.22.0.RELEASE\plugins\org.eclipse.m2e.maven.runtime_3.9.600.20231203-1234\jars\maven-settings-builder-3.9.6.jar
2024-05-01 17:00:58,112 [Worker-6: Launching mavenrun-45d2c49f-8f87-4b05-93eb-efd01a7134a4] INFO  o.eclipse.m2e.core.internal.Bundles - 	Entry: C:\Program Files\sts-4.22.0.RELEASE\plugins\org.eclipse.m2e.maven.runtime_3.9.600.20231203-1234\jars\maven-shared-utils-3.3.4.jar
2024-05-01 17:00:58,112 [Worker-6: Launching mavenrun-45d2c49f-8f87-4b05-93eb-efd01a7134a4] INFO  o.eclipse.m2e.core.internal.Bundles - 	Entry: C:\Program Files\sts-4.22.0.RELEASE\plugins\org.eclipse.m2e.maven.runtime_3.9.600.20231203-1234\jars\org.eclipse.sisu.inject-0.9.0.M2.jar
2024-05-01 17:00:58,112 [Worker-6: Launching mavenrun-45d2c49f-8f87-4b05-93eb-efd01a7134a4] INFO  o.eclipse.m2e.core.internal.Bundles - 	Entry: C:\Program Files\sts-4.22.0.RELEASE\plugins\org.eclipse.m2e.maven.runtime_3.9.600.20231203-1234\jars\org.eclipse.sisu.plexus-0.9.0.M2.jar
2024-05-01 17:00:58,112 [Worker-6: Launching mavenrun-45d2c49f-8f87-4b05-93eb-efd01a7134a4] INFO  o.eclipse.m2e.core.internal.Bundles - 	Entry: C:\Program Files\sts-4.22.0.RELEASE\plugins\org.eclipse.m2e.maven.runtime_3.9.600.20231203-1234\jars\plexus-build-api-0.0.7.jar
2024-05-01 17:00:58,113 [Worker-6: Launching mavenrun-45d2c49f-8f87-4b05-93eb-efd01a7134a4] INFO  o.eclipse.m2e.core.internal.Bundles - 	Entry: C:\Program Files\sts-4.22.0.RELEASE\plugins\org.eclipse.m2e.maven.runtime_3.9.600.20231203-1234\jars\plexus-cipher-2.0.jar
2024-05-01 17:00:58,113 [Worker-6: Launching mavenrun-45d2c49f-8f87-4b05-93eb-efd01a7134a4] INFO  o.eclipse.m2e.core.internal.Bundles - 	Entry: C:\Program Files\sts-4.22.0.RELEASE\plugins\org.eclipse.m2e.maven.runtime_3.9.600.20231203-1234\jars\plexus-classworlds-2.7.0.jar
2024-05-01 17:00:58,113 [Worker-6: Launching mavenrun-45d2c49f-8f87-4b05-93eb-efd01a7134a4] INFO  o.eclipse.m2e.core.internal.Bundles - 	Entry: C:\Program Files\sts-4.22.0.RELEASE\plugins\org.eclipse.m2e.maven.runtime_3.9.600.20231203-1234\jars\plexus-component-annotations-2.1.0.jar
2024-05-01 17:00:58,113 [Worker-6: Launching mavenrun-45d2c49f-8f87-4b05-93eb-efd01a7134a4] INFO  o.eclipse.m2e.core.internal.Bundles - 	Entry: C:\Program Files\sts-4.22.0.RELEASE\plugins\org.eclipse.m2e.maven.runtime_3.9.600.20231203-1234\jars\plexus-interpolation-1.26.jar
2024-05-01 17:00:58,113 [Worker-6: Launching mavenrun-45d2c49f-8f87-4b05-93eb-efd01a7134a4] INFO  o.eclipse.m2e.core.internal.Bundles - 	Entry: C:\Program Files\sts-4.22.0.RELEASE\plugins\org.eclipse.m2e.maven.runtime_3.9.600.20231203-1234\jars\plexus-sec-dispatcher-2.0.jar
2024-05-01 17:00:58,113 [Worker-6: Launching mavenrun-45d2c49f-8f87-4b05-93eb-efd01a7134a4] INFO  o.eclipse.m2e.core.internal.Bundles - 	Entry: C:\Program Files\sts-4.22.0.RELEASE\plugins\org.eclipse.m2e.maven.runtime_3.9.600.20231203-1234\jars\plexus-utils-3.5.1.jar
2024-05-01 17:00:58,113 [Worker-6: Launching mavenrun-45d2c49f-8f87-4b05-93eb-efd01a7134a4] INFO  o.eclipse.m2e.core.internal.Bundles - 	Entry: C:\Program Files\sts-4.22.0.RELEASE\plugins\org.eclipse.m2e.maven.runtime_3.9.600.20231203-1234\jars\wagon-file-3.5.3.jar
2024-05-01 17:00:58,113 [Worker-6: Launching mavenrun-45d2c49f-8f87-4b05-93eb-efd01a7134a4] INFO  o.eclipse.m2e.core.internal.Bundles - 	Entry: C:\Program Files\sts-4.22.0.RELEASE\plugins\org.eclipse.m2e.maven.runtime_3.9.600.20231203-1234\jars\wagon-http-3.5.3.jar
2024-05-01 17:00:58,113 [Worker-6: Launching mavenrun-45d2c49f-8f87-4b05-93eb-efd01a7134a4] INFO  o.eclipse.m2e.core.internal.Bundles - 	Entry: C:\Program Files\sts-4.22.0.RELEASE\plugins\org.eclipse.m2e.maven.runtime_3.9.600.20231203-1234\jars\wagon-http-shared-3.5.3.jar
2024-05-01 17:00:58,113 [Worker-6: Launching mavenrun-45d2c49f-8f87-4b05-93eb-efd01a7134a4] INFO  o.eclipse.m2e.core.internal.Bundles - 	Entry: C:\Program Files\sts-4.22.0.RELEASE\plugins\org.eclipse.m2e.maven.runtime_3.9.600.20231203-1234\jars\wagon-provider-api-3.5.3.jar
2024-05-01 17:00:58,114 [Worker-6: Launching mavenrun-45d2c49f-8f87-4b05-93eb-efd01a7134a4] INFO  o.eclipse.m2e.core.internal.Bundles - getClasspathEntries(Bundle=com.google.guava_33.0.0.jre [27])
2024-05-01 17:00:58,116 [Worker-6: Launching mavenrun-45d2c49f-8f87-4b05-93eb-efd01a7134a4] INFO  o.eclipse.m2e.core.internal.Bundles - 	Entry: C:\Program Files\sts-4.22.0.RELEASE\plugins\com.google.guava_33.0.0.jre.jar
2024-05-01 17:00:58,116 [Worker-6: Launching mavenrun-45d2c49f-8f87-4b05-93eb-efd01a7134a4] INFO  o.eclipse.m2e.core.internal.Bundles - getClasspathEntries(Bundle=slf4j.api_2.0.12 [583])
2024-05-01 17:00:58,116 [Worker-6: Launching mavenrun-45d2c49f-8f87-4b05-93eb-efd01a7134a4] INFO  o.eclipse.m2e.core.internal.Bundles - 	Entry: C:\Program Files\sts-4.22.0.RELEASE\plugins\slf4j.api_2.0.12.jar
2024-05-01 17:00:58,116 [Worker-6: Launching mavenrun-45d2c49f-8f87-4b05-93eb-efd01a7134a4] INFO  o.eclipse.m2e.core.internal.Bundles - getClasspathEntries(Bundle=jakarta.inject.jakarta.inject-api_1.0.5 [44])
2024-05-01 17:00:58,116 [Worker-6: Launching mavenrun-45d2c49f-8f87-4b05-93eb-efd01a7134a4] INFO  o.eclipse.m2e.core.internal.Bundles - 	Entry: C:\Program Files\sts-4.22.0.RELEASE\plugins\jakarta.inject.jakarta.inject-api_1.0.5.jar
2024-05-01 17:00:58,117 [Worker-6: Launching mavenrun-45d2c49f-8f87-4b05-93eb-efd01a7134a4] INFO  o.eclipse.m2e.core.internal.Bundles - getClasspathEntries(Bundle=jakarta.annotation-api_1.3.5 [40])
2024-05-01 17:00:58,117 [Worker-6: Launching mavenrun-45d2c49f-8f87-4b05-93eb-efd01a7134a4] INFO  o.eclipse.m2e.core.internal.Bundles - 	Entry: C:\Program Files\sts-4.22.0.RELEASE\plugins\jakarta.annotation-api_1.3.5.jar
2024-05-01 17:00:58,117 [Worker-6: Launching mavenrun-45d2c49f-8f87-4b05-93eb-efd01a7134a4] INFO  o.eclipse.m2e.core.internal.Bundles - getClasspathEntries(Bundle=org.apache.commons.cli_1.6.0 [75])
2024-05-01 17:00:58,117 [Worker-6: Launching mavenrun-45d2c49f-8f87-4b05-93eb-efd01a7134a4] INFO  o.eclipse.m2e.core.internal.Bundles - 	Entry: C:\Program Files\sts-4.22.0.RELEASE\plugins\org.apache.commons.cli_1.6.0.jar
2024-05-01 17:00:58,117 [Worker-6: Launching mavenrun-45d2c49f-8f87-4b05-93eb-efd01a7134a4] INFO  o.eclipse.m2e.core.internal.Bundles - getClasspathEntries(Bundle=org.apache.commons.commons-codec_1.16.0 [77])
2024-05-01 17:00:58,117 [Worker-6: Launching mavenrun-45d2c49f-8f87-4b05-93eb-efd01a7134a4] INFO  o.eclipse.m2e.core.internal.Bundles - 	Entry: C:\Program Files\sts-4.22.0.RELEASE\plugins\org.apache.commons.commons-codec_1.16.0.jar
2024-05-01 17:00:58,117 [Worker-6: Launching mavenrun-45d2c49f-8f87-4b05-93eb-efd01a7134a4] INFO  o.eclipse.m2e.core.internal.Bundles - getClasspathEntries(Bundle=org.apache.commons.lang3_3.14.0 [81])
2024-05-01 17:00:58,117 [Worker-6: Launching mavenrun-45d2c49f-8f87-4b05-93eb-efd01a7134a4] INFO  o.eclipse.m2e.core.internal.Bundles - 	Entry: C:\Program Files\sts-4.22.0.RELEASE\plugins\org.apache.commons.lang3_3.14.0.jar
2024-05-01 17:00:58,117 [Worker-6: Launching mavenrun-45d2c49f-8f87-4b05-93eb-efd01a7134a4] INFO  o.eclipse.m2e.core.internal.Bundles - getClasspathEntries(Bundle=com.google.guava.failureaccess_1.0.2 [29])
2024-05-01 17:00:58,118 [Worker-6: Launching mavenrun-45d2c49f-8f87-4b05-93eb-efd01a7134a4] INFO  o.eclipse.m2e.core.internal.Bundles - 	Entry: C:\Program Files\sts-4.22.0.RELEASE\plugins\com.google.guava.failureaccess_1.0.2.jar
2024-05-01 17:00:58,126 [Worker-6: Launching mavenrun-45d2c49f-8f87-4b05-93eb-efd01a7134a4] INFO  o.e.m.i.launch.MavenLaunchDelegate - Run build in "C:\Users\Rattana\AppData\Local\Temp\m2e-archetypeGenerator17336665619017257098":
2024-05-01 17:00:58,130 [Worker-6: Launching mavenrun-45d2c49f-8f87-4b05-93eb-efd01a7134a4] INFO  o.e.m.i.launch.MavenLaunchDelegate -  mvn  -DarchetypeGroupId=org.apache.maven.archetypes -DarchetypeArtifactId=maven-archetype-webapp -DarchetypeVersion=1.0 -DgroupId=com.springMVCDemo -DartifactId=SpringMVCDemo -Dversion=0.0.1-SNAPSHOT -Dpackage=com.springMVCDemo -DoutputDirectory=C:\Users\Rattana\Desktop\Employee\SpringBootToturial\SpringBoot\SpringBootMVC -Dstyle.color=always -U archetype:generate
2024-05-01 17:01:58,874 [Worker-12: Launching mavenrun-3e8bcbf6-4f6b-4ec3-a94f-b1c628bb0c03] INFO  o.eclipse.m2e.core.internal.Bundles - getClasspathEntries(Bundle=org.eclipse.m2e.maven.runtime_3.9.600.20231203-1234 [354])
2024-05-01 17:01:58,875 [Worker-12: Launching mavenrun-3e8bcbf6-4f6b-4ec3-a94f-b1c628bb0c03] INFO  o.eclipse.m2e.core.internal.Bundles - 	Entry: C:\Program Files\sts-4.22.0.RELEASE\plugins\org.eclipse.m2e.maven.runtime_3.9.600.20231203-1234
2024-05-01 17:01:58,875 [Worker-12: Launching mavenrun-3e8bcbf6-4f6b-4ec3-a94f-b1c628bb0c03] INFO  o.eclipse.m2e.core.internal.Bundles - 	Entry: C:\Program Files\sts-4.22.0.RELEASE\plugins\org.eclipse.m2e.maven.runtime_3.9.600.20231203-1234\jars\aopalliance-1.0.jar
2024-05-01 17:01:58,875 [Worker-12: Launching mavenrun-3e8bcbf6-4f6b-4ec3-a94f-b1c628bb0c03] INFO  o.eclipse.m2e.core.internal.Bundles - 	Entry: C:\Program Files\sts-4.22.0.RELEASE\plugins\org.eclipse.m2e.maven.runtime_3.9.600.20231203-1234\jars\guice-5.1.0.jar
2024-05-01 17:01:58,875 [Worker-12: Launching mavenrun-3e8bcbf6-4f6b-4ec3-a94f-b1c628bb0c03] INFO  o.eclipse.m2e.core.internal.Bundles - 	Entry: C:\Program Files\sts-4.22.0.RELEASE\plugins\org.eclipse.m2e.maven.runtime_3.9.600.20231203-1234\jars\httpclient-4.5.14.jar
2024-05-01 17:01:58,875 [Worker-12: Launching mavenrun-3e8bcbf6-4f6b-4ec3-a94f-b1c628bb0c03] INFO  o.eclipse.m2e.core.internal.Bundles - 	Entry: C:\Program Files\sts-4.22.0.RELEASE\plugins\org.eclipse.m2e.maven.runtime_3.9.600.20231203-1234\jars\httpcore-4.4.16.jar
2024-05-01 17:01:58,875 [Worker-12: Launching mavenrun-3e8bcbf6-4f6b-4ec3-a94f-b1c628bb0c03] INFO  o.eclipse.m2e.core.internal.Bundles - 	Entry: C:\Program Files\sts-4.22.0.RELEASE\plugins\org.eclipse.m2e.maven.runtime_3.9.600.20231203-1234\jars\jansi-2.4.0.jar
2024-05-01 17:01:58,876 [Worker-12: Launching mavenrun-3e8bcbf6-4f6b-4ec3-a94f-b1c628bb0c03] INFO  o.eclipse.m2e.core.internal.Bundles - 	Entry: C:\Program Files\sts-4.22.0.RELEASE\plugins\org.eclipse.m2e.maven.runtime_3.9.600.20231203-1234\jars\jcl-over-slf4j-1.7.36.jar
2024-05-01 17:01:58,876 [Worker-12: Launching mavenrun-3e8bcbf6-4f6b-4ec3-a94f-b1c628bb0c03] INFO  o.eclipse.m2e.core.internal.Bundles - 	Entry: C:\Program Files\sts-4.22.0.RELEASE\plugins\org.eclipse.m2e.maven.runtime_3.9.600.20231203-1234\jars\maven-artifact-3.9.6.jar
2024-05-01 17:01:58,876 [Worker-12: Launching mavenrun-3e8bcbf6-4f6b-4ec3-a94f-b1c628bb0c03] INFO  o.eclipse.m2e.core.internal.Bundles - 	Entry: C:\Program Files\sts-4.22.0.RELEASE\plugins\org.eclipse.m2e.maven.runtime_3.9.600.20231203-1234\jars\maven-builder-support-3.9.6.jar
2024-05-01 17:01:58,876 [Worker-12: Launching mavenrun-3e8bcbf6-4f6b-4ec3-a94f-b1c628bb0c03] INFO  o.eclipse.m2e.core.internal.Bundles - 	Entry: C:\Program Files\sts-4.22.0.RELEASE\plugins\org.eclipse.m2e.maven.runtime_3.9.600.20231203-1234\jars\maven-compat-3.9.6.jar
2024-05-01 17:01:58,876 [Worker-12: Launching mavenrun-3e8bcbf6-4f6b-4ec3-a94f-b1c628bb0c03] INFO  o.eclipse.m2e.core.internal.Bundles - 	Entry: C:\Program Files\sts-4.22.0.RELEASE\plugins\org.eclipse.m2e.maven.runtime_3.9.600.20231203-1234\jars\maven-core-3.9.6.jar
2024-05-01 17:01:58,876 [Worker-12: Launching mavenrun-3e8bcbf6-4f6b-4ec3-a94f-b1c628bb0c03] INFO  o.eclipse.m2e.core.internal.Bundles - 	Entry: C:\Program Files\sts-4.22.0.RELEASE\plugins\org.eclipse.m2e.maven.runtime_3.9.600.20231203-1234\jars\maven-embedder-3.9.6.jar
2024-05-01 17:01:58,876 [Worker-12: Launching mavenrun-3e8bcbf6-4f6b-4ec3-a94f-b1c628bb0c03] INFO  o.eclipse.m2e.core.internal.Bundles - 	Entry: C:\Program Files\sts-4.22.0.RELEASE\plugins\org.eclipse.m2e.maven.runtime_3.9.600.20231203-1234\jars\maven-model-3.9.6.jar
2024-05-01 17:01:58,876 [Worker-12: Launching mavenrun-3e8bcbf6-4f6b-4ec3-a94f-b1c628bb0c03] INFO  o.eclipse.m2e.core.internal.Bundles - 	Entry: C:\Program Files\sts-4.22.0.RELEASE\plugins\org.eclipse.m2e.maven.runtime_3.9.600.20231203-1234\jars\maven-model-builder-3.9.6.jar
2024-05-01 17:01:58,876 [Worker-12: Launching mavenrun-3e8bcbf6-4f6b-4ec3-a94f-b1c628bb0c03] INFO  o.eclipse.m2e.core.internal.Bundles - 	Entry: C:\Program Files\sts-4.22.0.RELEASE\plugins\org.eclipse.m2e.maven.runtime_3.9.600.20231203-1234\jars\maven-plugin-api-3.9.6.jar
2024-05-01 17:01:58,877 [Worker-12: Launching mavenrun-3e8bcbf6-4f6b-4ec3-a94f-b1c628bb0c03] INFO  o.eclipse.m2e.core.internal.Bundles - 	Entry: C:\Program Files\sts-4.22.0.RELEASE\plugins\org.eclipse.m2e.maven.runtime_3.9.600.20231203-1234\jars\maven-repository-metadata-3.9.6.jar
2024-05-01 17:01:58,877 [Worker-12: Launching mavenrun-3e8bcbf6-4f6b-4ec3-a94f-b1c628bb0c03] INFO  o.eclipse.m2e.core.internal.Bundles - 	Entry: C:\Program Files\sts-4.22.0.RELEASE\plugins\org.eclipse.m2e.maven.runtime_3.9.600.20231203-1234\jars\maven-resolver-api-1.9.18.jar
2024-05-01 17:01:58,877 [Worker-12: Launching mavenrun-3e8bcbf6-4f6b-4ec3-a94f-b1c628bb0c03] INFO  o.eclipse.m2e.core.internal.Bundles - 	Entry: C:\Program Files\sts-4.22.0.RELEASE\plugins\org.eclipse.m2e.maven.runtime_3.9.600.20231203-1234\jars\maven-resolver-connector-basic-1.9.18.jar
2024-05-01 17:01:58,877 [Worker-12: Launching mavenrun-3e8bcbf6-4f6b-4ec3-a94f-b1c628bb0c03] INFO  o.eclipse.m2e.core.internal.Bundles - 	Entry: C:\Program Files\sts-4.22.0.RELEASE\plugins\org.eclipse.m2e.maven.runtime_3.9.600.20231203-1234\jars\maven-resolver-impl-1.9.18.jar
2024-05-01 17:01:58,877 [Worker-12: Launching mavenrun-3e8bcbf6-4f6b-4ec3-a94f-b1c628bb0c03] INFO  o.eclipse.m2e.core.internal.Bundles - 	Entry: C:\Program Files\sts-4.22.0.RELEASE\plugins\org.eclipse.m2e.maven.runtime_3.9.600.20231203-1234\jars\maven-resolver-named-locks-1.9.18.jar
2024-05-01 17:01:58,877 [Worker-12: Launching mavenrun-3e8bcbf6-4f6b-4ec3-a94f-b1c628bb0c03] INFO  o.eclipse.m2e.core.internal.Bundles - 	Entry: C:\Program Files\sts-4.22.0.RELEASE\plugins\org.eclipse.m2e.maven.runtime_3.9.600.20231203-1234\jars\maven-resolver-provider-3.9.6.jar
2024-05-01 17:01:58,877 [Worker-12: Launching mavenrun-3e8bcbf6-4f6b-4ec3-a94f-b1c628bb0c03] INFO  o.eclipse.m2e.core.internal.Bundles - 	Entry: C:\Program Files\sts-4.22.0.RELEASE\plugins\org.eclipse.m2e.maven.runtime_3.9.600.20231203-1234\jars\maven-resolver-spi-1.9.18.jar
2024-05-01 17:01:58,877 [Worker-12: Launching mavenrun-3e8bcbf6-4f6b-4ec3-a94f-b1c628bb0c03] INFO  o.eclipse.m2e.core.internal.Bundles - 	Entry: C:\Program Files\sts-4.22.0.RELEASE\plugins\org.eclipse.m2e.maven.runtime_3.9.600.20231203-1234\jars\maven-resolver-transport-file-1.9.18.jar
2024-05-01 17:01:58,877 [Worker-12: Launching mavenrun-3e8bcbf6-4f6b-4ec3-a94f-b1c628bb0c03] INFO  o.eclipse.m2e.core.internal.Bundles - 	Entry: C:\Program Files\sts-4.22.0.RELEASE\plugins\org.eclipse.m2e.maven.runtime_3.9.600.20231203-1234\jars\maven-resolver-transport-http-1.9.18.jar
2024-05-01 17:01:58,877 [Worker-12: Launching mavenrun-3e8bcbf6-4f6b-4ec3-a94f-b1c628bb0c03] INFO  o.eclipse.m2e.core.internal.Bundles - 	Entry: C:\Program Files\sts-4.22.0.RELEASE\plugins\org.eclipse.m2e.maven.runtime_3.9.600.20231203-1234\jars\maven-resolver-transport-wagon-1.9.18.jar
2024-05-01 17:01:58,878 [Worker-12: Launching mavenrun-3e8bcbf6-4f6b-4ec3-a94f-b1c628bb0c03] INFO  o.eclipse.m2e.core.internal.Bundles - 	Entry: C:\Program Files\sts-4.22.0.RELEASE\plugins\org.eclipse.m2e.maven.runtime_3.9.600.20231203-1234\jars\maven-resolver-util-1.9.18.jar
2024-05-01 17:01:58,878 [Worker-12: Launching mavenrun-3e8bcbf6-4f6b-4ec3-a94f-b1c628bb0c03] INFO  o.eclipse.m2e.core.internal.Bundles - 	Entry: C:\Program Files\sts-4.22.0.RELEASE\plugins\org.eclipse.m2e.maven.runtime_3.9.600.20231203-1234\jars\maven-settings-3.9.6.jar
2024-05-01 17:01:58,878 [Worker-12: Launching mavenrun-3e8bcbf6-4f6b-4ec3-a94f-b1c628bb0c03] INFO  o.eclipse.m2e.core.internal.Bundles - 	Entry: C:\Program Files\sts-4.22.0.RELEASE\plugins\org.eclipse.m2e.maven.runtime_3.9.600.20231203-1234\jars\maven-settings-builder-3.9.6.jar
2024-05-01 17:01:58,878 [Worker-12: Launching mavenrun-3e8bcbf6-4f6b-4ec3-a94f-b1c628bb0c03] INFO  o.eclipse.m2e.core.internal.Bundles - 	Entry: C:\Program Files\sts-4.22.0.RELEASE\plugins\org.eclipse.m2e.maven.runtime_3.9.600.20231203-1234\jars\maven-shared-utils-3.3.4.jar
2024-05-01 17:01:58,878 [Worker-12: Launching mavenrun-3e8bcbf6-4f6b-4ec3-a94f-b1c628bb0c03] INFO  o.eclipse.m2e.core.internal.Bundles - 	Entry: C:\Program Files\sts-4.22.0.RELEASE\plugins\org.eclipse.m2e.maven.runtime_3.9.600.20231203-1234\jars\org.eclipse.sisu.inject-0.9.0.M2.jar
2024-05-01 17:01:58,878 [Worker-12: Launching mavenrun-3e8bcbf6-4f6b-4ec3-a94f-b1c628bb0c03] INFO  o.eclipse.m2e.core.internal.Bundles - 	Entry: C:\Program Files\sts-4.22.0.RELEASE\plugins\org.eclipse.m2e.maven.runtime_3.9.600.20231203-1234\jars\org.eclipse.sisu.plexus-0.9.0.M2.jar
2024-05-01 17:01:58,878 [Worker-12: Launching mavenrun-3e8bcbf6-4f6b-4ec3-a94f-b1c628bb0c03] INFO  o.eclipse.m2e.core.internal.Bundles - 	Entry: C:\Program Files\sts-4.22.0.RELEASE\plugins\org.eclipse.m2e.maven.runtime_3.9.600.20231203-1234\jars\plexus-build-api-0.0.7.jar
2024-05-01 17:01:58,878 [Worker-12: Launching mavenrun-3e8bcbf6-4f6b-4ec3-a94f-b1c628bb0c03] INFO  o.eclipse.m2e.core.internal.Bundles - 	Entry: C:\Program Files\sts-4.22.0.RELEASE\plugins\org.eclipse.m2e.maven.runtime_3.9.600.20231203-1234\jars\plexus-cipher-2.0.jar
2024-05-01 17:01:58,878 [Worker-12: Launching mavenrun-3e8bcbf6-4f6b-4ec3-a94f-b1c628bb0c03] INFO  o.eclipse.m2e.core.internal.Bundles - 	Entry: C:\Program Files\sts-4.22.0.RELEASE\plugins\org.eclipse.m2e.maven.runtime_3.9.600.20231203-1234\jars\plexus-classworlds-2.7.0.jar
2024-05-01 17:01:58,878 [Worker-12: Launching mavenrun-3e8bcbf6-4f6b-4ec3-a94f-b1c628bb0c03] INFO  o.eclipse.m2e.core.internal.Bundles - 	Entry: C:\Program Files\sts-4.22.0.RELEASE\plugins\org.eclipse.m2e.maven.runtime_3.9.600.20231203-1234\jars\plexus-component-annotations-2.1.0.jar
2024-05-01 17:01:58,880 [Worker-12: Launching mavenrun-3e8bcbf6-4f6b-4ec3-a94f-b1c628bb0c03] INFO  o.eclipse.m2e.core.internal.Bundles - 	Entry: C:\Program Files\sts-4.22.0.RELEASE\plugins\org.eclipse.m2e.maven.runtime_3.9.600.20231203-1234\jars\plexus-interpolation-1.26.jar
2024-05-01 17:01:58,880 [Worker-12: Launching mavenrun-3e8bcbf6-4f6b-4ec3-a94f-b1c628bb0c03] INFO  o.eclipse.m2e.core.internal.Bundles - 	Entry: C:\Program Files\sts-4.22.0.RELEASE\plugins\org.eclipse.m2e.maven.runtime_3.9.600.20231203-1234\jars\plexus-sec-dispatcher-2.0.jar
2024-05-01 17:01:58,880 [Worker-12: Launching mavenrun-3e8bcbf6-4f6b-4ec3-a94f-b1c628bb0c03] INFO  o.eclipse.m2e.core.internal.Bundles - 	Entry: C:\Program Files\sts-4.22.0.RELEASE\plugins\org.eclipse.m2e.maven.runtime_3.9.600.20231203-1234\jars\plexus-utils-3.5.1.jar
2024-05-01 17:01:58,880 [Worker-12: Launching mavenrun-3e8bcbf6-4f6b-4ec3-a94f-b1c628bb0c03] INFO  o.eclipse.m2e.core.internal.Bundles - 	Entry: C:\Program Files\sts-4.22.0.RELEASE\plugins\org.eclipse.m2e.maven.runtime_3.9.600.20231203-1234\jars\wagon-file-3.5.3.jar
2024-05-01 17:01:58,880 [Worker-12: Launching mavenrun-3e8bcbf6-4f6b-4ec3-a94f-b1c628bb0c03] INFO  o.eclipse.m2e.core.internal.Bundles - 	Entry: C:\Program Files\sts-4.22.0.RELEASE\plugins\org.eclipse.m2e.maven.runtime_3.9.600.20231203-1234\jars\wagon-http-3.5.3.jar
2024-05-01 17:01:58,880 [Worker-12: Launching mavenrun-3e8bcbf6-4f6b-4ec3-a94f-b1c628bb0c03] INFO  o.eclipse.m2e.core.internal.Bundles - 	Entry: C:\Program Files\sts-4.22.0.RELEASE\plugins\org.eclipse.m2e.maven.runtime_3.9.600.20231203-1234\jars\wagon-http-shared-3.5.3.jar
2024-05-01 17:01:58,880 [Worker-12: Launching mavenrun-3e8bcbf6-4f6b-4ec3-a94f-b1c628bb0c03] INFO  o.eclipse.m2e.core.internal.Bundles - 	Entry: C:\Program Files\sts-4.22.0.RELEASE\plugins\org.eclipse.m2e.maven.runtime_3.9.600.20231203-1234\jars\wagon-provider-api-3.5.3.jar
2024-05-01 17:01:58,880 [Worker-12: Launching mavenrun-3e8bcbf6-4f6b-4ec3-a94f-b1c628bb0c03] INFO  o.eclipse.m2e.core.internal.Bundles - getClasspathEntries(Bundle=com.google.guava_33.0.0.jre [27])
2024-05-01 17:01:58,881 [Worker-12: Launching mavenrun-3e8bcbf6-4f6b-4ec3-a94f-b1c628bb0c03] INFO  o.eclipse.m2e.core.internal.Bundles - 	Entry: C:\Program Files\sts-4.22.0.RELEASE\plugins\com.google.guava_33.0.0.jre.jar
2024-05-01 17:01:58,881 [Worker-12: Launching mavenrun-3e8bcbf6-4f6b-4ec3-a94f-b1c628bb0c03] INFO  o.eclipse.m2e.core.internal.Bundles - getClasspathEntries(Bundle=slf4j.api_2.0.12 [583])
2024-05-01 17:01:58,881 [Worker-12: Launching mavenrun-3e8bcbf6-4f6b-4ec3-a94f-b1c628bb0c03] INFO  o.eclipse.m2e.core.internal.Bundles - 	Entry: C:\Program Files\sts-4.22.0.RELEASE\plugins\slf4j.api_2.0.12.jar
2024-05-01 17:01:58,881 [Worker-12: Launching mavenrun-3e8bcbf6-4f6b-4ec3-a94f-b1c628bb0c03] INFO  o.eclipse.m2e.core.internal.Bundles - getClasspathEntries(Bundle=jakarta.inject.jakarta.inject-api_1.0.5 [44])
2024-05-01 17:01:58,881 [Worker-12: Launching mavenrun-3e8bcbf6-4f6b-4ec3-a94f-b1c628bb0c03] INFO  o.eclipse.m2e.core.internal.Bundles - 	Entry: C:\Program Files\sts-4.22.0.RELEASE\plugins\jakarta.inject.jakarta.inject-api_1.0.5.jar
2024-05-01 17:01:58,881 [Worker-12: Launching mavenrun-3e8bcbf6-4f6b-4ec3-a94f-b1c628bb0c03] INFO  o.eclipse.m2e.core.internal.Bundles - getClasspathEntries(Bundle=jakarta.annotation-api_1.3.5 [40])
2024-05-01 17:01:58,881 [Worker-12: Launching mavenrun-3e8bcbf6-4f6b-4ec3-a94f-b1c628bb0c03] INFO  o.eclipse.m2e.core.internal.Bundles - 	Entry: C:\Program Files\sts-4.22.0.RELEASE\plugins\jakarta.annotation-api_1.3.5.jar
2024-05-01 17:01:58,881 [Worker-12: Launching mavenrun-3e8bcbf6-4f6b-4ec3-a94f-b1c628bb0c03] INFO  o.eclipse.m2e.core.internal.Bundles - getClasspathEntries(Bundle=org.apache.commons.cli_1.6.0 [75])
2024-05-01 17:01:58,881 [Worker-12: Launching mavenrun-3e8bcbf6-4f6b-4ec3-a94f-b1c628bb0c03] INFO  o.eclipse.m2e.core.internal.Bundles - 	Entry: C:\Program Files\sts-4.22.0.RELEASE\plugins\org.apache.commons.cli_1.6.0.jar
2024-05-01 17:01:58,881 [Worker-12: Launching mavenrun-3e8bcbf6-4f6b-4ec3-a94f-b1c628bb0c03] INFO  o.eclipse.m2e.core.internal.Bundles - getClasspathEntries(Bundle=org.apache.commons.commons-codec_1.16.0 [77])
2024-05-01 17:01:58,881 [Worker-12: Launching mavenrun-3e8bcbf6-4f6b-4ec3-a94f-b1c628bb0c03] INFO  o.eclipse.m2e.core.internal.Bundles - 	Entry: C:\Program Files\sts-4.22.0.RELEASE\plugins\org.apache.commons.commons-codec_1.16.0.jar
2024-05-01 17:01:58,881 [Worker-12: Launching mavenrun-3e8bcbf6-4f6b-4ec3-a94f-b1c628bb0c03] INFO  o.eclipse.m2e.core.internal.Bundles - getClasspathEntries(Bundle=org.apache.commons.lang3_3.14.0 [81])
2024-05-01 17:01:58,881 [Worker-12: Launching mavenrun-3e8bcbf6-4f6b-4ec3-a94f-b1c628bb0c03] INFO  o.eclipse.m2e.core.internal.Bundles - 	Entry: C:\Program Files\sts-4.22.0.RELEASE\plugins\org.apache.commons.lang3_3.14.0.jar
2024-05-01 17:01:58,881 [Worker-12: Launching mavenrun-3e8bcbf6-4f6b-4ec3-a94f-b1c628bb0c03] INFO  o.eclipse.m2e.core.internal.Bundles - getClasspathEntries(Bundle=com.google.guava.failureaccess_1.0.2 [29])
2024-05-01 17:01:58,881 [Worker-12: Launching mavenrun-3e8bcbf6-4f6b-4ec3-a94f-b1c628bb0c03] INFO  o.eclipse.m2e.core.internal.Bundles - 	Entry: C:\Program Files\sts-4.22.0.RELEASE\plugins\com.google.guava.failureaccess_1.0.2.jar
2024-05-01 17:01:58,882 [Worker-12: Launching mavenrun-3e8bcbf6-4f6b-4ec3-a94f-b1c628bb0c03] INFO  o.e.m.i.launch.MavenLaunchDelegate - Run build in "C:\Users\Rattana\AppData\Local\Temp\m2e-archetypeGenerator7691275545449396082":
2024-05-01 17:01:58,883 [Worker-12: Launching mavenrun-3e8bcbf6-4f6b-4ec3-a94f-b1c628bb0c03] INFO  o.e.m.i.launch.MavenLaunchDelegate -  mvn  -DarchetypeGroupId=org.apache.maven.archetypes -DarchetypeArtifactId=maven-archetype-webapp -DarchetypeVersion=1.0 -DgroupId=com.springMVCDemo -DartifactId=SpringMVCDemo -Dversion=0.0.1-SNAPSHOT -Dpackage=com.springMVCDemo.SpringMVCDemo -DoutputDirectory=C:\Users\Rattana\Desktop\Employee\SpringBootToturial\SpringBoot\SpringBootMVC -Dstyle.color=always -U archetype:generate
2024-05-01 17:02:34,659 [Worker-10: Launching mavenrun-2a03c1f7-2059-4fcc-8147-91648257b219] INFO  o.eclipse.m2e.core.internal.Bundles - getClasspathEntries(Bundle=org.eclipse.m2e.maven.runtime_3.9.600.20231203-1234 [354])
2024-05-01 17:02:34,660 [Worker-10: Launching mavenrun-2a03c1f7-2059-4fcc-8147-91648257b219] INFO  o.eclipse.m2e.core.internal.Bundles - 	Entry: C:\Program Files\sts-4.22.0.RELEASE\plugins\org.eclipse.m2e.maven.runtime_3.9.600.20231203-1234
2024-05-01 17:02:34,660 [Worker-10: Launching mavenrun-2a03c1f7-2059-4fcc-8147-91648257b219] INFO  o.eclipse.m2e.core.internal.Bundles - 	Entry: C:\Program Files\sts-4.22.0.RELEASE\plugins\org.eclipse.m2e.maven.runtime_3.9.600.20231203-1234\jars\aopalliance-1.0.jar
2024-05-01 17:02:34,660 [Worker-10: Launching mavenrun-2a03c1f7-2059-4fcc-8147-91648257b219] INFO  o.eclipse.m2e.core.internal.Bundles - 	Entry: C:\Program Files\sts-4.22.0.RELEASE\plugins\org.eclipse.m2e.maven.runtime_3.9.600.20231203-1234\jars\guice-5.1.0.jar
2024-05-01 17:02:34,660 [Worker-10: Launching mavenrun-2a03c1f7-2059-4fcc-8147-91648257b219] INFO  o.eclipse.m2e.core.internal.Bundles - 	Entry: C:\Program Files\sts-4.22.0.RELEASE\plugins\org.eclipse.m2e.maven.runtime_3.9.600.20231203-1234\jars\httpclient-4.5.14.jar
2024-05-01 17:02:34,660 [Worker-10: Launching mavenrun-2a03c1f7-2059-4fcc-8147-91648257b219] INFO  o.eclipse.m2e.core.internal.Bundles - 	Entry: C:\Program Files\sts-4.22.0.RELEASE\plugins\org.eclipse.m2e.maven.runtime_3.9.600.20231203-1234\jars\httpcore-4.4.16.jar
2024-05-01 17:02:34,660 [Worker-10: Launching mavenrun-2a03c1f7-2059-4fcc-8147-91648257b219] INFO  o.eclipse.m2e.core.internal.Bundles - 	Entry: C:\Program Files\sts-4.22.0.RELEASE\plugins\org.eclipse.m2e.maven.runtime_3.9.600.20231203-1234\jars\jansi-2.4.0.jar
2024-05-01 17:02:34,660 [Worker-10: Launching mavenrun-2a03c1f7-2059-4fcc-8147-91648257b219] INFO  o.eclipse.m2e.core.internal.Bundles - 	Entry: C:\Program Files\sts-4.22.0.RELEASE\plugins\org.eclipse.m2e.maven.runtime_3.9.600.20231203-1234\jars\jcl-over-slf4j-1.7.36.jar
2024-05-01 17:02:34,660 [Worker-10: Launching mavenrun-2a03c1f7-2059-4fcc-8147-91648257b219] INFO  o.eclipse.m2e.core.internal.Bundles - 	Entry: C:\Program Files\sts-4.22.0.RELEASE\plugins\org.eclipse.m2e.maven.runtime_3.9.600.20231203-1234\jars\maven-artifact-3.9.6.jar
2024-05-01 17:02:34,660 [Worker-10: Launching mavenrun-2a03c1f7-2059-4fcc-8147-91648257b219] INFO  o.eclipse.m2e.core.internal.Bundles - 	Entry: C:\Program Files\sts-4.22.0.RELEASE\plugins\org.eclipse.m2e.maven.runtime_3.9.600.20231203-1234\jars\maven-builder-support-3.9.6.jar
2024-05-01 17:02:34,660 [Worker-10: Launching mavenrun-2a03c1f7-2059-4fcc-8147-91648257b219] INFO  o.eclipse.m2e.core.internal.Bundles - 	Entry: C:\Program Files\sts-4.22.0.RELEASE\plugins\org.eclipse.m2e.maven.runtime_3.9.600.20231203-1234\jars\maven-compat-3.9.6.jar
2024-05-01 17:02:34,662 [Worker-10: Launching mavenrun-2a03c1f7-2059-4fcc-8147-91648257b219] INFO  o.eclipse.m2e.core.internal.Bundles - 	Entry: C:\Program Files\sts-4.22.0.RELEASE\plugins\org.eclipse.m2e.maven.runtime_3.9.600.20231203-1234\jars\maven-core-3.9.6.jar
2024-05-01 17:02:34,662 [Worker-10: Launching mavenrun-2a03c1f7-2059-4fcc-8147-91648257b219] INFO  o.eclipse.m2e.core.internal.Bundles - 	Entry: C:\Program Files\sts-4.22.0.RELEASE\plugins\org.eclipse.m2e.maven.runtime_3.9.600.20231203-1234\jars\maven-embedder-3.9.6.jar
2024-05-01 17:02:34,662 [Worker-10: Launching mavenrun-2a03c1f7-2059-4fcc-8147-91648257b219] INFO  o.eclipse.m2e.core.internal.Bundles - 	Entry: C:\Program Files\sts-4.22.0.RELEASE\plugins\org.eclipse.m2e.maven.runtime_3.9.600.20231203-1234\jars\maven-model-3.9.6.jar
2024-05-01 17:02:34,662 [Worker-10: Launching mavenrun-2a03c1f7-2059-4fcc-8147-91648257b219] INFO  o.eclipse.m2e.core.internal.Bundles - 	Entry: C:\Program Files\sts-4.22.0.RELEASE\plugins\org.eclipse.m2e.maven.runtime_3.9.600.20231203-1234\jars\maven-model-builder-3.9.6.jar
2024-05-01 17:02:34,662 [Worker-10: Launching mavenrun-2a03c1f7-2059-4fcc-8147-91648257b219] INFO  o.eclipse.m2e.core.internal.Bundles - 	Entry: C:\Program Files\sts-4.22.0.RELEASE\plugins\org.eclipse.m2e.maven.runtime_3.9.600.20231203-1234\jars\maven-plugin-api-3.9.6.jar
2024-05-01 17:02:34,662 [Worker-10: Launching mavenrun-2a03c1f7-2059-4fcc-8147-91648257b219] INFO  o.eclipse.m2e.core.internal.Bundles - 	Entry: C:\Program Files\sts-4.22.0.RELEASE\plugins\org.eclipse.m2e.maven.runtime_3.9.600.20231203-1234\jars\maven-repository-metadata-3.9.6.jar
2024-05-01 17:02:34,662 [Worker-10: Launching mavenrun-2a03c1f7-2059-4fcc-8147-91648257b219] INFO  o.eclipse.m2e.core.internal.Bundles - 	Entry: C:\Program Files\sts-4.22.0.RELEASE\plugins\org.eclipse.m2e.maven.runtime_3.9.600.20231203-1234\jars\maven-resolver-api-1.9.18.jar
2024-05-01 17:02:34,662 [Worker-10: Launching mavenrun-2a03c1f7-2059-4fcc-8147-91648257b219] INFO  o.eclipse.m2e.core.internal.Bundles - 	Entry: C:\Program Files\sts-4.22.0.RELEASE\plugins\org.eclipse.m2e.maven.runtime_3.9.600.20231203-1234\jars\maven-resolver-connector-basic-1.9.18.jar
2024-05-01 17:02:34,662 [Worker-10: Launching mavenrun-2a03c1f7-2059-4fcc-8147-91648257b219] INFO  o.eclipse.m2e.core.internal.Bundles - 	Entry: C:\Program Files\sts-4.22.0.RELEASE\plugins\org.eclipse.m2e.maven.runtime_3.9.600.20231203-1234\jars\maven-resolver-impl-1.9.18.jar
2024-05-01 17:02:34,662 [Worker-10: Launching mavenrun-2a03c1f7-2059-4fcc-8147-91648257b219] INFO  o.eclipse.m2e.core.internal.Bundles - 	Entry: C:\Program Files\sts-4.22.0.RELEASE\plugins\org.eclipse.m2e.maven.runtime_3.9.600.20231203-1234\jars\maven-resolver-named-locks-1.9.18.jar
2024-05-01 17:02:34,663 [Worker-10: Launching mavenrun-2a03c1f7-2059-4fcc-8147-91648257b219] INFO  o.eclipse.m2e.core.internal.Bundles - 	Entry: C:\Program Files\sts-4.22.0.RELEASE\plugins\org.eclipse.m2e.maven.runtime_3.9.600.20231203-1234\jars\maven-resolver-provider-3.9.6.jar
2024-05-01 17:02:34,663 [Worker-10: Launching mavenrun-2a03c1f7-2059-4fcc-8147-91648257b219] INFO  o.eclipse.m2e.core.internal.Bundles - 	Entry: C:\Program Files\sts-4.22.0.RELEASE\plugins\org.eclipse.m2e.maven.runtime_3.9.600.20231203-1234\jars\maven-resolver-spi-1.9.18.jar
2024-05-01 17:02:34,663 [Worker-10: Launching mavenrun-2a03c1f7-2059-4fcc-8147-91648257b219] INFO  o.eclipse.m2e.core.internal.Bundles - 	Entry: C:\Program Files\sts-4.22.0.RELEASE\plugins\org.eclipse.m2e.maven.runtime_3.9.600.20231203-1234\jars\maven-resolver-transport-file-1.9.18.jar
2024-05-01 17:02:34,663 [Worker-10: Launching mavenrun-2a03c1f7-2059-4fcc-8147-91648257b219] INFO  o.eclipse.m2e.core.internal.Bundles - 	Entry: C:\Program Files\sts-4.22.0.RELEASE\plugins\org.eclipse.m2e.maven.runtime_3.9.600.20231203-1234\jars\maven-resolver-transport-http-1.9.18.jar
2024-05-01 17:02:34,663 [Worker-10: Launching mavenrun-2a03c1f7-2059-4fcc-8147-91648257b219] INFO  o.eclipse.m2e.core.internal.Bundles - 	Entry: C:\Program Files\sts-4.22.0.RELEASE\plugins\org.eclipse.m2e.maven.runtime_3.9.600.20231203-1234\jars\maven-resolver-transport-wagon-1.9.18.jar
2024-05-01 17:02:34,663 [Worker-10: Launching mavenrun-2a03c1f7-2059-4fcc-8147-91648257b219] INFO  o.eclipse.m2e.core.internal.Bundles - 	Entry: C:\Program Files\sts-4.22.0.RELEASE\plugins\org.eclipse.m2e.maven.runtime_3.9.600.20231203-1234\jars\maven-resolver-util-1.9.18.jar
2024-05-01 17:02:34,663 [Worker-10: Launching mavenrun-2a03c1f7-2059-4fcc-8147-91648257b219] INFO  o.eclipse.m2e.core.internal.Bundles - 	Entry: C:\Program Files\sts-4.22.0.RELEASE\plugins\org.eclipse.m2e.maven.runtime_3.9.600.20231203-1234\jars\maven-settings-3.9.6.jar
2024-05-01 17:02:34,663 [Worker-10: Launching mavenrun-2a03c1f7-2059-4fcc-8147-91648257b219] INFO  o.eclipse.m2e.core.internal.Bundles - 	Entry: C:\Program Files\sts-4.22.0.RELEASE\plugins\org.eclipse.m2e.maven.runtime_3.9.600.20231203-1234\jars\maven-settings-builder-3.9.6.jar
2024-05-01 17:02:34,663 [Worker-10: Launching mavenrun-2a03c1f7-2059-4fcc-8147-91648257b219] INFO  o.eclipse.m2e.core.internal.Bundles - 	Entry: C:\Program Files\sts-4.22.0.RELEASE\plugins\org.eclipse.m2e.maven.runtime_3.9.600.20231203-1234\jars\maven-shared-utils-3.3.4.jar
2024-05-01 17:02:34,663 [Worker-10: Launching mavenrun-2a03c1f7-2059-4fcc-8147-91648257b219] INFO  o.eclipse.m2e.core.internal.Bundles - 	Entry: C:\Program Files\sts-4.22.0.RELEASE\plugins\org.eclipse.m2e.maven.runtime_3.9.600.20231203-1234\jars\org.eclipse.sisu.inject-0.9.0.M2.jar
2024-05-01 17:02:34,664 [Worker-10: Launching mavenrun-2a03c1f7-2059-4fcc-8147-91648257b219] INFO  o.eclipse.m2e.core.internal.Bundles - 	Entry: C:\Program Files\sts-4.22.0.RELEASE\plugins\org.eclipse.m2e.maven.runtime_3.9.600.20231203-1234\jars\org.eclipse.sisu.plexus-0.9.0.M2.jar
2024-05-01 17:02:34,664 [Worker-10: Launching mavenrun-2a03c1f7-2059-4fcc-8147-91648257b219] INFO  o.eclipse.m2e.core.internal.Bundles - 	Entry: C:\Program Files\sts-4.22.0.RELEASE\plugins\org.eclipse.m2e.maven.runtime_3.9.600.20231203-1234\jars\plexus-build-api-0.0.7.jar
2024-05-01 17:02:34,664 [Worker-10: Launching mavenrun-2a03c1f7-2059-4fcc-8147-91648257b219] INFO  o.eclipse.m2e.core.internal.Bundles - 	Entry: C:\Program Files\sts-4.22.0.RELEASE\plugins\org.eclipse.m2e.maven.runtime_3.9.600.20231203-1234\jars\plexus-cipher-2.0.jar
2024-05-01 17:02:34,664 [Worker-10: Launching mavenrun-2a03c1f7-2059-4fcc-8147-91648257b219] INFO  o.eclipse.m2e.core.internal.Bundles - 	Entry: C:\Program Files\sts-4.22.0.RELEASE\plugins\org.eclipse.m2e.maven.runtime_3.9.600.20231203-1234\jars\plexus-classworlds-2.7.0.jar
2024-05-01 17:02:34,664 [Worker-10: Launching mavenrun-2a03c1f7-2059-4fcc-8147-91648257b219] INFO  o.eclipse.m2e.core.internal.Bundles - 	Entry: C:\Program Files\sts-4.22.0.RELEASE\plugins\org.eclipse.m2e.maven.runtime_3.9.600.20231203-1234\jars\plexus-component-annotations-2.1.0.jar
2024-05-01 17:02:34,664 [Worker-10: Launching mavenrun-2a03c1f7-2059-4fcc-8147-91648257b219] INFO  o.eclipse.m2e.core.internal.Bundles - 	Entry: C:\Program Files\sts-4.22.0.RELEASE\plugins\org.eclipse.m2e.maven.runtime_3.9.600.20231203-1234\jars\plexus-interpolation-1.26.jar
2024-05-01 17:02:34,664 [Worker-10: Launching mavenrun-2a03c1f7-2059-4fcc-8147-91648257b219] INFO  o.eclipse.m2e.core.internal.Bundles - 	Entry: C:\Program Files\sts-4.22.0.RELEASE\plugins\org.eclipse.m2e.maven.runtime_3.9.600.20231203-1234\jars\plexus-sec-dispatcher-2.0.jar
2024-05-01 17:02:34,664 [Worker-10: Launching mavenrun-2a03c1f7-2059-4fcc-8147-91648257b219] INFO  o.eclipse.m2e.core.internal.Bundles - 	Entry: C:\Program Files\sts-4.22.0.RELEASE\plugins\org.eclipse.m2e.maven.runtime_3.9.600.20231203-1234\jars\plexus-utils-3.5.1.jar
2024-05-01 17:02:34,665 [Worker-10: Launching mavenrun-2a03c1f7-2059-4fcc-8147-91648257b219] INFO  o.eclipse.m2e.core.internal.Bundles - 	Entry: C:\Program Files\sts-4.22.0.RELEASE\plugins\org.eclipse.m2e.maven.runtime_3.9.600.20231203-1234\jars\wagon-file-3.5.3.jar
2024-05-01 17:02:34,665 [Worker-10: Launching mavenrun-2a03c1f7-2059-4fcc-8147-91648257b219] INFO  o.eclipse.m2e.core.internal.Bundles - 	Entry: C:\Program Files\sts-4.22.0.RELEASE\plugins\org.eclipse.m2e.maven.runtime_3.9.600.20231203-1234\jars\wagon-http-3.5.3.jar
2024-05-01 17:02:34,665 [Worker-10: Launching mavenrun-2a03c1f7-2059-4fcc-8147-91648257b219] INFO  o.eclipse.m2e.core.internal.Bundles - 	Entry: C:\Program Files\sts-4.22.0.RELEASE\plugins\org.eclipse.m2e.maven.runtime_3.9.600.20231203-1234\jars\wagon-http-shared-3.5.3.jar
2024-05-01 17:02:34,665 [Worker-10: Launching mavenrun-2a03c1f7-2059-4fcc-8147-91648257b219] INFO  o.eclipse.m2e.core.internal.Bundles - 	Entry: C:\Program Files\sts-4.22.0.RELEASE\plugins\org.eclipse.m2e.maven.runtime_3.9.600.20231203-1234\jars\wagon-provider-api-3.5.3.jar
2024-05-01 17:02:34,665 [Worker-10: Launching mavenrun-2a03c1f7-2059-4fcc-8147-91648257b219] INFO  o.eclipse.m2e.core.internal.Bundles - getClasspathEntries(Bundle=com.google.guava_33.0.0.jre [27])
2024-05-01 17:02:34,665 [Worker-10: Launching mavenrun-2a03c1f7-2059-4fcc-8147-91648257b219] INFO  o.eclipse.m2e.core.internal.Bundles - 	Entry: C:\Program Files\sts-4.22.0.RELEASE\plugins\com.google.guava_33.0.0.jre.jar
2024-05-01 17:02:34,665 [Worker-10: Launching mavenrun-2a03c1f7-2059-4fcc-8147-91648257b219] INFO  o.eclipse.m2e.core.internal.Bundles - getClasspathEntries(Bundle=slf4j.api_2.0.12 [583])
2024-05-01 17:02:34,665 [Worker-10: Launching mavenrun-2a03c1f7-2059-4fcc-8147-91648257b219] INFO  o.eclipse.m2e.core.internal.Bundles - 	Entry: C:\Program Files\sts-4.22.0.RELEASE\plugins\slf4j.api_2.0.12.jar
2024-05-01 17:02:34,665 [Worker-10: Launching mavenrun-2a03c1f7-2059-4fcc-8147-91648257b219] INFO  o.eclipse.m2e.core.internal.Bundles - getClasspathEntries(Bundle=jakarta.inject.jakarta.inject-api_1.0.5 [44])
2024-05-01 17:02:34,666 [Worker-10: Launching mavenrun-2a03c1f7-2059-4fcc-8147-91648257b219] INFO  o.eclipse.m2e.core.internal.Bundles - 	Entry: C:\Program Files\sts-4.22.0.RELEASE\plugins\jakarta.inject.jakarta.inject-api_1.0.5.jar
2024-05-01 17:02:34,666 [Worker-10: Launching mavenrun-2a03c1f7-2059-4fcc-8147-91648257b219] INFO  o.eclipse.m2e.core.internal.Bundles - getClasspathEntries(Bundle=jakarta.annotation-api_1.3.5 [40])
2024-05-01 17:02:34,666 [Worker-10: Launching mavenrun-2a03c1f7-2059-4fcc-8147-91648257b219] INFO  o.eclipse.m2e.core.internal.Bundles - 	Entry: C:\Program Files\sts-4.22.0.RELEASE\plugins\jakarta.annotation-api_1.3.5.jar
2024-05-01 17:02:34,666 [Worker-10: Launching mavenrun-2a03c1f7-2059-4fcc-8147-91648257b219] INFO  o.eclipse.m2e.core.internal.Bundles - getClasspathEntries(Bundle=org.apache.commons.cli_1.6.0 [75])
2024-05-01 17:02:34,666 [Worker-10: Launching mavenrun-2a03c1f7-2059-4fcc-8147-91648257b219] INFO  o.eclipse.m2e.core.internal.Bundles - 	Entry: C:\Program Files\sts-4.22.0.RELEASE\plugins\org.apache.commons.cli_1.6.0.jar
2024-05-01 17:02:34,666 [Worker-10: Launching mavenrun-2a03c1f7-2059-4fcc-8147-91648257b219] INFO  o.eclipse.m2e.core.internal.Bundles - getClasspathEntries(Bundle=org.apache.commons.commons-codec_1.16.0 [77])
2024-05-01 17:02:34,666 [Worker-10: Launching mavenrun-2a03c1f7-2059-4fcc-8147-91648257b219] INFO  o.eclipse.m2e.core.internal.Bundles - 	Entry: C:\Program Files\sts-4.22.0.RELEASE\plugins\org.apache.commons.commons-codec_1.16.0.jar
2024-05-01 17:02:34,666 [Worker-10: Launching mavenrun-2a03c1f7-2059-4fcc-8147-91648257b219] INFO  o.eclipse.m2e.core.internal.Bundles - getClasspathEntries(Bundle=org.apache.commons.lang3_3.14.0 [81])
2024-05-01 17:02:34,666 [Worker-10: Launching mavenrun-2a03c1f7-2059-4fcc-8147-91648257b219] INFO  o.eclipse.m2e.core.internal.Bundles - 	Entry: C:\Program Files\sts-4.22.0.RELEASE\plugins\org.apache.commons.lang3_3.14.0.jar
2024-05-01 17:02:34,666 [Worker-10: Launching mavenrun-2a03c1f7-2059-4fcc-8147-91648257b219] INFO  o.eclipse.m2e.core.internal.Bundles - getClasspathEntries(Bundle=com.google.guava.failureaccess_1.0.2 [29])
2024-05-01 17:02:34,667 [Worker-10: Launching mavenrun-2a03c1f7-2059-4fcc-8147-91648257b219] INFO  o.eclipse.m2e.core.internal.Bundles - 	Entry: C:\Program Files\sts-4.22.0.RELEASE\plugins\com.google.guava.failureaccess_1.0.2.jar
2024-05-01 17:02:34,668 [Worker-10: Launching mavenrun-2a03c1f7-2059-4fcc-8147-91648257b219] INFO  o.e.m.i.launch.MavenLaunchDelegate - Run build in "C:\Users\Rattana\AppData\Local\Temp\m2e-archetypeGenerator3148080475943773253":
2024-05-01 17:02:34,668 [Worker-10: Launching mavenrun-2a03c1f7-2059-4fcc-8147-91648257b219] INFO  o.e.m.i.launch.MavenLaunchDelegate -  mvn  -DarchetypeGroupId=org.apache.maven.archetypes -DarchetypeArtifactId=maven-archetype-webapp -DarchetypeVersion=1.0 -DgroupId=com.springMVCDemo -DartifactId=SpringMVCDemo -Dversion=0.0.1-SNAPSHOT -Dpackage=com.springMVCDemo.SpringMVCDemo -DoutputDirectory=C:\Users\Rattana\Desktop\Employee\SpringBootToturial\SpringBoot\SpringBootMVC -Dstyle.color=always -U archetype:generate
2024-05-01 21:06:00,192 [Worker-6: Loading available Gradle versions] INFO  o.e.b.c.i.u.g.PublishedGradleVersions - Gradle version information cache is up-to-date. Trying to read.
2024-05-01 21:07:25,731 [Worker-2: Building] INFO  o.e.m.c.i.l.LifecycleMappingFactory - Using org.eclipse.m2e.jdt.JarLifecycleMapping lifecycle mapping for MavenProject: com.springBootDemo:SpringBootDemo:0.0.1-SNAPSHOT @ C:\Users\Rattana\Desktop\Employee\SpringBootToturial\SpringBoot\SpringBootDemo\pom.xml.
2024-05-01 21:07:26,826 [Worker-2: Building] INFO  o.a.m.s.f.DefaultMavenResourcesFiltering - Copying 1 resource from src\main\resources to target\classes
2024-05-01 21:07:26,851 [Worker-2: Building] INFO  o.a.m.s.f.DefaultMavenResourcesFiltering - Copying 0 resource from src\main\resources to target\classes
2024-05-01 21:07:26,858 [Worker-2: Building] INFO  o.a.m.s.f.DefaultMavenResourcesFiltering - skip non existing resourceDirectory C:\Users\Rattana\Desktop\Employee\SpringBootToturial\SpringBoot\SpringBootDemo\src\test\resources
2024-05-01 21:07:27,262 [Worker-2: Building] INFO  o.a.m.s.f.DefaultMavenResourcesFiltering - Copying 1 resource from src\main\resources to target\classes
2024-05-01 21:07:27,265 [Worker-2: Building] INFO  o.a.m.s.f.DefaultMavenResourcesFiltering - Copying 0 resource from src\main\resources to target\classes
2024-05-01 21:07:27,269 [Worker-2: Building] INFO  o.a.m.s.f.DefaultMavenResourcesFiltering - skip non existing resourceDirectory C:\Users\Rattana\Desktop\Employee\SpringBootToturial\SpringBoot\SpringBootDemo\src\test\resources
2024-05-01 21:07:27,869 [Worker-2: Building] INFO  o.e.m.c.i.l.LifecycleMappingFactory - Using org.eclipse.m2e.jdt.JarLifecycleMapping lifecycle mapping for MavenProject: com.springBootJDBCDemo:SpringBootJDBCDemo:0.0.1-SNAPSHOT @ C:\Users\Rattana\Desktop\Employee\SpringBootToturial\SpringBoot\SpringBootJDBCDemo\pom.xml.
2024-05-01 21:07:28,524 [Worker-2: Building] INFO  o.a.m.s.f.DefaultMavenResourcesFiltering - Copying 1 resource from src\main\resources to target\classes
2024-05-01 21:07:28,538 [Worker-2: Building] INFO  o.a.m.s.f.DefaultMavenResourcesFiltering - Copying 2 resources from src\main\resources to target\classes
2024-05-01 21:07:28,546 [Worker-2: Building] INFO  o.a.m.s.f.DefaultMavenResourcesFiltering - skip non existing resourceDirectory C:\Users\Rattana\Desktop\Employee\SpringBootToturial\SpringBoot\SpringBootJDBCDemo\src\test\resources
2024-05-01 21:07:29,560 [Worker-8: Updating Maven Dependencies] INFO  o.e.m.c.i.l.LifecycleMappingFactory - Using org.eclipse.m2e.jdt.JarLifecycleMapping lifecycle mapping for MavenProject: com.springBootDemo:SpringBootDemo:0.0.1-SNAPSHOT @ C:\Users\Rattana\Desktop\Employee\SpringBootToturial\SpringBoot\SpringBootDemo\pom.xml.
2024-05-01 21:07:29,655 [Worker-6: Building] INFO  o.a.m.s.f.DefaultMavenResourcesFiltering - Copying 1 resource from src\main\resources to target\classes
2024-05-01 21:07:29,672 [Worker-6: Building] INFO  o.a.m.s.f.DefaultMavenResourcesFiltering - Copying 2 resources from src\main\resources to target\classes
2024-05-01 21:07:29,680 [Worker-6: Building] INFO  o.a.m.s.f.DefaultMavenResourcesFiltering - skip non existing resourceDirectory C:\Users\Rattana\Desktop\Employee\SpringBootToturial\SpringBoot\SpringBootJDBCDemo\src\test\resources
2024-05-01 21:07:29,821 [Worker-8: Updating Maven Dependencies] INFO  o.e.m.c.i.l.LifecycleMappingFactory - Using org.eclipse.m2e.jdt.JarLifecycleMapping lifecycle mapping for MavenProject: com.springBootJDBCDemo:SpringBootJDBCDemo:0.0.1-SNAPSHOT @ C:\Users\Rattana\Desktop\Employee\SpringBootToturial\SpringBoot\SpringBootJDBCDemo\pom.xml.
2024-05-01 21:08:28,924 [Worker-1: Building] INFO  o.e.m.c.i.l.LifecycleMappingFactory - Using org.maven.ide.eclipse.wtp.WarLifecycleMapping lifecycle mapping for MavenProject: com.springMVCDemo:SpringFrameworkMVC:0.0.1-SNAPSHOT @ C:\Users\Rattana\Desktop\Employee\SpringBootToturial\SpringMVC\SpringFrameworkMVC\pom.xml.
2024-05-01 21:08:29,564 [Worker-1: Building] WARN  o.a.m.s.f.DefaultMavenResourcesFiltering - Using platform encoding (Cp1252 actually) to copy filtered resources, i.e. build is platform dependent!
2024-05-01 21:08:29,565 [Worker-1: Building] INFO  o.a.m.s.f.DefaultMavenResourcesFiltering - Copying 0 resource from src\main\resources to target\classes
2024-05-01 21:08:29,568 [Worker-1: Building] WARN  o.a.m.s.f.DefaultMavenResourcesFiltering - Using platform encoding (Cp1252 actually) to copy filtered resources, i.e. build is platform dependent!
2024-05-01 21:08:29,569 [Worker-1: Building] INFO  o.a.m.s.f.DefaultMavenResourcesFiltering - Copying 0 resource from src\test\resources to target\test-classes
2024-05-01 21:08:30,303 [Worker-6: Updating Maven Dependencies] INFO  o.e.m.c.i.l.LifecycleMappingFactory - Using org.maven.ide.eclipse.wtp.WarLifecycleMapping lifecycle mapping for MavenProject: com.springMVCDemo:SpringFrameworkMVC:0.0.1-SNAPSHOT @ C:\Users\Rattana\Desktop\Employee\SpringBootToturial\SpringMVC\SpringFrameworkMVC\pom.xml.
